G:\REPOSITORY\LSEOACRKNETS\WINDOWSCHAT\WINDOWSCHAT\DEBUG\SOCKETSERVER.OBJ
G:\REPOSITORY\LSEOACRKNETS\WINDOWSCHAT\WINDOWSCHAT\DEBUG\SOURCE.OBJ
G:\REPOSITORY\LSEOACRKNETS\WINDOWSCHAT\WINDOWSCHAT\DEBUG\VC110.PDB
G:\REPOSITORY\LSEOACRKNETS\WINDOWSCHAT\DEBUG\WINDOWSCHAT.ILK
G:\REPOSITORY\LSEOACRKNETS\WINDOWSCHAT\DEBUG\WINDOWSCHAT.EXE
G:\REPOSITORY\LSEOACRKNETS\WINDOWSCHAT\DEBUG\WINDOWSCHAT.PDB
G:\Repository\LSeoacrknets\WindowsChat\WindowsChat\Debug\SocketServer.obj
G:\Repository\LSeoacrknets\WindowsChat\WindowsChat\Debug\Source.obj
G:\Repository\LSeoacrknets\WindowsChat\WindowsChat\Debug\cl.command.1.tlog
G:\Repository\LSeoacrknets\WindowsChat\WindowsChat\Debug\CL.read.1.tlog
G:\Repository\LSeoacrknets\WindowsChat\WindowsChat\Debug\CL.write.1.tlog
G:\Repository\LSeoacrknets\WindowsChat\WindowsChat\Debug\link-cvtres.read.1.tlog
G:\Repository\LSeoacrknets\WindowsChat\WindowsChat\Debug\link-cvtres.write.1.tlog
G:\Repository\LSeoacrknets\WindowsChat\WindowsChat\Debug\link-rc.read.1.tlog
G:\Repository\LSeoacrknets\WindowsChat\WindowsChat\Debug\link-rc.write.1.tlog
G:\Repository\LSeoacrknets\WindowsChat\WindowsChat\Debug\link.command.1.tlog
G:\Repository\LSeoacrknets\WindowsChat\WindowsChat\Debug\link.read.1.tlog
G:\Repository\LSeoacrknets\WindowsChat\WindowsChat\Debug\link.write.1.tlog
G:\Repository\LSeoacrknets\WindowsChat\WindowsChat\Debug\vc110.idb
G:\Repository\LSeoacrknets\WindowsChat\WindowsChat\Debug\vc110.pdb
G:\Repository\LSeoacrknets\WindowsChat\Debug\WindowsChat.pdb
G:\Repository\LSeoacrknets\WindowsChat\Debug\WindowsChat.exe
G:\Repository\LSeoacrknets\WindowsChat\Debug\WindowsChat.ilk
